all children
{'i1': {'best-events': {'name': 0, 'sex': 0},
        'fams': ['f1'],
        'file_record': {'index': 0, 'key': 'indi'},
        'name': [{'display': 'Dad ',
                  'givn': 'Dad',
                  'html': 'Dad',
                  'unicode': 'Dad',
                  'value': 'Dad //'}],
        'privatized': 0,
        'sex': ['M'],
        'xref': 1},
 'i10': {'best-events': {'name': 0},
         'famc': ['f1'],
         'file_record': {'index': 8, 'key': 'indi'},
         'name': [{'display': 'Unknown ',
                   'givn': 'Unknown',
                   'html': 'Unknown',
                   'unicode': 'Unknown',
                   'value': 'Unknown //'}],
         'privatized': 0,
         'xref': 10},
 'i2': {'best-events': {'name': 0, 'sex': 0},
        'fams': ['f1'],
        'file_record': {'index': 1, 'key': 'indi'},
        'name': [{'display': 'Mom ',
                  'givn': 'Mom',
                  'html': 'Mom',
                  'unicode': 'Mom',
                  'value': 'Mom //'}],
        'privatized': 0,
        'sex': ['F'],
        'xref': 2},
 'i3': {'best-events': {'name': 0},
        'birth-famc': ['f1'],
        'famc': ['f1'],
        'file_record': {'index': 2, 'key': 'indi'},
        'name': [{'display': 'Blood ',
                  'givn': 'Blood',
                  'html': 'Blood',
                  'unicode': 'Blood',
                  'value': 'Blood //'}],
        'privatized': 0,
        'xref': 3},
 'i4': {'best-events': {'name': 0},
        'famc': ['f1'],
        'file_record': {'index': 3, 'key': 'indi'},
        'name': [{'display': 'Adopted ',
                  'givn': 'Adopted',
                  'html': 'Adopted',
                  'unicode': 'Adopted',
                  'value': 'Adopted //'}],
        'privatized': 0,
        'xref': 4},
 'i6': {'best-events': {'name': 0},
        'famc': ['f1'],
        'file_record': {'index': 4, 'key': 'indi'},
        'name': [{'display': 'Fostered ',
                  'givn': 'Fostered',
                  'html': 'Fostered',
                  'unicode': 'Fostered',
                  'value': 'Fostered //'}],
        'privatized': 0,
        'xref': 6},
 'i7': {'best-events': {'name': 0},
        'famc': ['f1'],
        'file_record': {'index': 5, 'key': 'indi'},
        'name': [{'display': 'Related ',
                  'givn': 'Related',
                  'html': 'Related',
                  'unicode': 'Related',
                  'value': 'Related //'}],
        'privatized': 0,
        'xref': 7},
 'i8': {'best-events': {'name': 0},
        'famc': ['f1'],
        'file_record': {'index': 6, 'key': 'indi'},
        'name': [{'display': 'Guardian ',
                  'givn': 'Guardian',
                  'html': 'Guardian',
                  'unicode': 'Guardian',
                  'value': 'Guardian //'}],
        'privatized': 0,
        'xref': 8},
 'i9': {'best-events': {'name': 0},
        'famc': ['f1'],
        'file_record': {'index': 7, 'key': 'indi'},
        'name': [{'display': 'Sealed ',
                  'givn': 'Sealed',
                  'html': 'Sealed',
                  'unicode': 'Sealed',
                  'value': 'Sealed //'}],
        'privatized': 0,
        'xref': 9}}

family

{'f1': {'best-events': {},
        'birth-chil': ['i3'],
        'chil': ['i3', 'i4', 'i6', 'i7', 'i8', 'i9', 'i10'],
        'file_record': {'index': 0, 'key': 'fam'},
        'husb': ['i1'],
        'privatized': 0,
        'rel': {'i10': {'husb': 'unknown', 'wife': 'unknown'},
                'i4': {'husb': 'adopted', 'wife': 'adopted'},
                'i6': {'husb': 'foster', 'wife': 'foster'},
                'i7': {'husb': 'related', 'wife': 'related'},
                'i8': {'husb': 'guardian', 'wife': 'guardian'},
                'i9': {'husb': 'sealed', 'wife': 'sealed'}},
        'wife': ['i2'],
        'xref': 1}}

birth children
{'i1': {'best-events': {'name': 0, 'sex': 0},
        'fams': ['f1'],
        'file_record': {'index': 0, 'key': 'indi'},
        'name': [{'display': 'Dad ',
                  'givn': 'Dad',
                  'html': 'Dad',
                  'unicode': 'Dad',
                  'value': 'Dad //'}],
        'privatized': 0,
        'sex': ['M'],
        'xref': 1},
 'i10': {'best-events': {'name': 0},
         'famc': ['f1'],
         'file_record': {'index': 8, 'key': 'indi'},
         'name': [{'display': 'Unknown ',
                   'givn': 'Unknown',
                   'html': 'Unknown',
                   'unicode': 'Unknown',
                   'value': 'Unknown //'}],
         'privatized': 0,
         'xref': 10},
 'i2': {'best-events': {'name': 0, 'sex': 0},
        'fams': ['f1'],
        'file_record': {'index': 1, 'key': 'indi'},
        'name': [{'display': 'Mom ',
                  'givn': 'Mom',
                  'html': 'Mom',
                  'unicode': 'Mom',
                  'value': 'Mom //'}],
        'privatized': 0,
        'sex': ['F'],
        'xref': 2},
 'i3': {'all-famc': ['f1'],
        'best-events': {'name': 0},
        'birth-famc': ['f1'],
        'famc': ['f1'],
        'file_record': {'index': 2, 'key': 'indi'},
        'name': [{'display': 'Blood ',
                  'givn': 'Blood',
                  'html': 'Blood',
                  'unicode': 'Blood',
                  'value': 'Blood //'}],
        'privatized': 0,
        'xref': 3},
 'i4': {'best-events': {'name': 0},
        'famc': ['f1'],
        'file_record': {'index': 3, 'key': 'indi'},
        'name': [{'display': 'Adopted ',
                  'givn': 'Adopted',
                  'html': 'Adopted',
                  'unicode': 'Adopted',
                  'value': 'Adopted //'}],
        'privatized': 0,
        'xref': 4},
 'i6': {'best-events': {'name': 0},
        'famc': ['f1'],
        'file_record': {'index': 4, 'key': 'indi'},
        'name': [{'display': 'Fostered ',
                  'givn': 'Fostered',
                  'html': 'Fostered',
                  'unicode': 'Fostered',
                  'value': 'Fostered //'}],
        'privatized': 0,
        'xref': 6},
 'i7': {'best-events': {'name': 0},
        'famc': ['f1'],
        'file_record': {'index': 5, 'key': 'indi'},
        'name': [{'display': 'Related ',
                  'givn': 'Related',
                  'html': 'Related',
                  'unicode': 'Related',
                  'value': 'Related //'}],
        'privatized': 0,
        'xref': 7},
 'i8': {'best-events': {'name': 0},
        'famc': ['f1'],
        'file_record': {'index': 6, 'key': 'indi'},
        'name': [{'display': 'Guardian ',
                  'givn': 'Guardian',
                  'html': 'Guardian',
                  'unicode': 'Guardian',
                  'value': 'Guardian //'}],
        'privatized': 0,
        'xref': 8},
 'i9': {'best-events': {'name': 0},
        'famc': ['f1'],
        'file_record': {'index': 7, 'key': 'indi'},
        'name': [{'display': 'Sealed ',
                  'givn': 'Sealed',
                  'html': 'Sealed',
                  'unicode': 'Sealed',
                  'value': 'Sealed //'}],
        'privatized': 0,
        'xref': 9}}

family

{'f1': {'all-chil': ['i3', 'i4', 'i6', 'i7', 'i8', 'i9', 'i10'],
        'best-events': {},
        'birth-chil': ['i3'],
        'chil': ['i3'],
        'file_record': {'index': 0, 'key': 'fam'},
        'husb': ['i1'],
        'privatized': 0,
        'rel': {'i10': {'husb': 'unknown', 'wife': 'unknown'},
                'i4': {'husb': 'adopted', 'wife': 'adopted'},
                'i6': {'husb': 'foster', 'wife': 'foster'},
                'i7': {'husb': 'related', 'wife': 'related'},
                'i8': {'husb': 'guardian', 'wife': 'guardian'},
                'i9': {'husb': 'sealed', 'wife': 'sealed'}},
        'wife': ['i2'],
        'xref': 1}}

method 1
all children ['i10', 'i3', 'i4', 'i6', 'i7', 'i8', 'i9']
birth children ['i3']
non-birth ['i10', 'i4', 'i6', 'i7', 'i8', 'i9']

method 2
all children ['i10', 'i3', 'i4', 'i6', 'i7', 'i8', 'i9']
birth children ['i3']
non-birth ['i10', 'i4', 'i6', 'i7', 'i8', 'i9']

method 3
all children ['i10', 'i3', 'i4', 'i6', 'i7', 'i8', 'i9']
birth children ['i3']
non-birth ['i10', 'i4', 'i6', 'i7', 'i8', 'i9']
