all children
{'i1': {'best-events': {'name': 0, 'sex': 0},
        'fams': ['f1'],
        'file_record': {'index': 0, 'key': 'indi'},
        'name': [{'display': 'Dad ',
                  'givn': 'Dad',
                  'html': 'Dad',
                  'unicode': 'Dad',
                  'value': 'Dad //'}],
        'privatized': 0,
        'sex': ['M'],
        'xref': 1},
 'i2': {'best-events': {'name': 0, 'sex': 0},
        'fams': ['f1'],
        'file_record': {'index': 1, 'key': 'indi'},
        'name': [{'display': 'Mom ',
                  'givn': 'Mom',
                  'html': 'Mom',
                  'unicode': 'Mom',
                  'value': 'Mom //'}],
        'privatized': 0,
        'sex': ['F'],
        'xref': 2},
 'i3': {'all-famc': ['f1'],
        'best-events': {'name': 0},
        'birth-famc': ['f1'],
        'famc': ['f1'],
        'file_record': {'index': 2, 'key': 'indi'},
        'name': [{'display': 'Birth1 ',
                  'givn': 'Birth1',
                  'html': 'Birth1',
                  'unicode': 'Birth1',
                  'value': 'Birth1 //'}],
        'privatized': 0,
        'xref': 3},
 'i4': {'all-famc': ['f1'],
        'best-events': {'name': 0},
        'birth-famc': ['f1'],
        'famc': ['f1'],
        'file_record': {'index': 3, 'key': 'indi'},
        'name': [{'display': 'Birth2 ',
                  'givn': 'Birth2',
                  'html': 'Birth2',
                  'unicode': 'Birth2',
                  'value': 'Birth2 //'}],
        'privatized': 0,
        'xref': 4},
 'i5': {'all-famc': ['f1'],
        'best-events': {'name': 0},
        'birth-famc': [],
        'famc': ['f1'],
        'file_record': {'index': 4, 'key': 'indi'},
        'name': [{'display': 'Fostered1 ',
                  'givn': 'Fostered1',
                  'html': 'Fostered1',
                  'unicode': 'Fostered1',
                  'value': 'Fostered1 //'}],
        'privatized': 0,
        'xref': 5},
 'i6': {'adop': [{'date': {'is_known': False}}],
        'all-famc': ['f1'],
        'best-events': {'name': 0},
        'birth-famc': [],
        'famc': ['f1'],
        'file_record': {'index': 5, 'key': 'indi'},
        'name': [{'display': 'Adopted1 ',
                  'givn': 'Adopted1',
                  'html': 'Adopted1',
                  'unicode': 'Adopted1',
                  'value': 'Adopted1 //'}],
        'privatized': 0,
        'xref': 6},
 'i7': {'adop': [{'date': {'is_known': False}}],
        'all-famc': ['f1'],
        'best-events': {'name': 0},
        'birth-famc': [],
        'famc': ['f1'],
        'file_record': {'index': 6, 'key': 'indi'},
        'name': [{'display': 'Adopted3 ',
                  'givn': 'Adopted3',
                  'html': 'Adopted3',
                  'unicode': 'Adopted3',
                  'value': 'Adopted3 //'}],
        'privatized': 0,
        'xref': 7},
 'i8': {'adop': [{'date': {'in': '7 SEP 1920',
                           'is_known': True,
                           'is_range': False,
                           'malformed': False,
                           'max': {'modifier': '',
                                   'value': '19200907',
                                   'year': 1920},
                           'min': {'modifier': '',
                                   'value': '19200907',
                                   'year': 1920}}}],
        'all-famc': ['f1'],
        'best-events': {'name': 0},
        'birth-famc': ['f1'],
        'famc': ['f1'],
        'file_record': {'index': 7, 'key': 'indi'},
        'name': [{'display': 'Adopted3 ',
                  'givn': 'Adopted3',
                  'html': 'Adopted3',
                  'unicode': 'Adopted3',
                  'value': 'Adopted3 //'}],
        'privatized': 0,
        'xref': 8}}

family

{'f1': {'all-chil': ['i3', 'i4', 'i5', 'i6', 'i7', 'i8'],
        'best-events': {},
        'birth-chil': ['i3', 'i4', 'i8'],
        'chil': ['i3', 'i4', 'i5', 'i6', 'i7', 'i8'],
        'file_record': {'index': 0, 'key': 'fam'},
        'husb': ['i1'],
        'privatized': 0,
        'rel': {'i4': {'husb': 'birth', 'wife': 'birth'},
                'i5': {'husb': 'foster', 'wife': 'foster'},
                'i6': {'husb': 'adopted', 'wife': 'adopted'},
                'i7': {'husb': 'adopted'}},
        'wife': ['i2'],
        'xref': 1}}

birth children
{'i1': {'best-events': {'name': 0, 'sex': 0},
        'fams': ['f1'],
        'file_record': {'index': 0, 'key': 'indi'},
        'name': [{'display': 'Dad ',
                  'givn': 'Dad',
                  'html': 'Dad',
                  'unicode': 'Dad',
                  'value': 'Dad //'}],
        'privatized': 0,
        'sex': ['M'],
        'xref': 1},
 'i2': {'best-events': {'name': 0, 'sex': 0},
        'fams': ['f1'],
        'file_record': {'index': 1, 'key': 'indi'},
        'name': [{'display': 'Mom ',
                  'givn': 'Mom',
                  'html': 'Mom',
                  'unicode': 'Mom',
                  'value': 'Mom //'}],
        'privatized': 0,
        'sex': ['F'],
        'xref': 2},
 'i3': {'all-famc': ['f1'],
        'best-events': {'name': 0},
        'birth-famc': ['f1'],
        'famc': ['f1'],
        'file_record': {'index': 2, 'key': 'indi'},
        'name': [{'display': 'Birth1 ',
                  'givn': 'Birth1',
                  'html': 'Birth1',
                  'unicode': 'Birth1',
                  'value': 'Birth1 //'}],
        'privatized': 0,
        'xref': 3},
 'i4': {'all-famc': ['f1'],
        'best-events': {'name': 0},
        'birth-famc': ['f1'],
        'famc': ['f1'],
        'file_record': {'index': 3, 'key': 'indi'},
        'name': [{'display': 'Birth2 ',
                  'givn': 'Birth2',
                  'html': 'Birth2',
                  'unicode': 'Birth2',
                  'value': 'Birth2 //'}],
        'privatized': 0,
        'xref': 4},
 'i5': {'all-famc': ['f1'],
        'best-events': {'name': 0},
        'birth-famc': [],
        'famc': [],
        'file_record': {'index': 4, 'key': 'indi'},
        'name': [{'display': 'Fostered1 ',
                  'givn': 'Fostered1',
                  'html': 'Fostered1',
                  'unicode': 'Fostered1',
                  'value': 'Fostered1 //'}],
        'privatized': 0,
        'xref': 5},
 'i6': {'adop': [{'date': {'is_known': False}}],
        'all-famc': ['f1'],
        'best-events': {'name': 0},
        'birth-famc': [],
        'famc': [],
        'file_record': {'index': 5, 'key': 'indi'},
        'name': [{'display': 'Adopted1 ',
                  'givn': 'Adopted1',
                  'html': 'Adopted1',
                  'unicode': 'Adopted1',
                  'value': 'Adopted1 //'}],
        'privatized': 0,
        'xref': 6},
 'i7': {'adop': [{'date': {'is_known': False}}],
        'all-famc': ['f1'],
        'best-events': {'name': 0},
        'birth-famc': [],
        'famc': [],
        'file_record': {'index': 6, 'key': 'indi'},
        'name': [{'display': 'Adopted3 ',
                  'givn': 'Adopted3',
                  'html': 'Adopted3',
                  'unicode': 'Adopted3',
                  'value': 'Adopted3 //'}],
        'privatized': 0,
        'xref': 7},
 'i8': {'adop': [{'date': {'in': '7 SEP 1920',
                           'is_known': True,
                           'is_range': False,
                           'malformed': False,
                           'max': {'modifier': '',
                                   'value': '19200907',
                                   'year': 1920},
                           'min': {'modifier': '',
                                   'value': '19200907',
                                   'year': 1920}}}],
        'all-famc': ['f1'],
        'best-events': {'name': 0},
        'birth-famc': ['f1'],
        'famc': ['f1'],
        'file_record': {'index': 7, 'key': 'indi'},
        'name': [{'display': 'Adopted3 ',
                  'givn': 'Adopted3',
                  'html': 'Adopted3',
                  'unicode': 'Adopted3',
                  'value': 'Adopted3 //'}],
        'privatized': 0,
        'xref': 8}}

family

{'f1': {'all-chil': ['i3', 'i4', 'i5', 'i6', 'i7', 'i8'],
        'best-events': {},
        'birth-chil': ['i3', 'i4', 'i8'],
        'chil': ['i3', 'i4', 'i8'],
        'file_record': {'index': 0, 'key': 'fam'},
        'husb': ['i1'],
        'privatized': 0,
        'rel': {'i4': {'husb': 'birth', 'wife': 'birth'},
                'i5': {'husb': 'foster', 'wife': 'foster'},
                'i6': {'husb': 'adopted', 'wife': 'adopted'},
                'i7': {'husb': 'adopted'}},
        'wife': ['i2'],
        'xref': 1}}

method 1
all children ['i3', 'i4', 'i5', 'i6', 'i7', 'i8']
birth children ['i3', 'i4', 'i8']
non-birth ['i5', 'i6', 'i7']

method 2
all children ['i3', 'i4', 'i5', 'i6', 'i7', 'i8']
birth children ['i3', 'i4', 'i8']
non-birth ['i5', 'i6', 'i7']

method 3
all children ['i3', 'i4', 'i5', 'i6', 'i7', 'i8']
birth children ['i3', 'i4', 'i8']
non-birth ['i5', 'i6', 'i7']
